C:\Program Files\Microsoft Visual Studio\2022\Community\MSBuild\Microsoft\VC\v170\Microsoft.CppBuild.targets(531,5): warning MSB8028: The intermediate directory (x64\Debug\) contains files shared from another project (RigidBodies.vcxproj, Terrain.vcxproj).  This can lead to incorrect clean and rebuild behavior.
  Main.cpp
C:\Users\graem\Desktop\Graphics\projects\GraphicsEngine\include\learnopengl\Camera.h(168,71): warning C4244: 'argument': conversion from 'double' to 'float', possible loss of data
C:\Users\graem\Desktop\Graphics\projects\GraphicsEngine\include\RigidBodies\sphere.h(32,24): warning C4244: 'initializing': conversion from 'double' to 'float', possible loss of data
C:\Users\graem\Desktop\Graphics\projects\GraphicsEngine\include\RigidBodies\sphere.h(97,17): warning C4244: 'initializing': conversion from 'int' to 'float', possible loss of data
C:\Users\graem\Desktop\Graphics\projects\GraphicsEngine\include\RigidBodies\sphere.h(98,18): warning C4244: 'initializing': conversion from 'int' to 'float', possible loss of data
C:\Users\graem\Desktop\Graphics\projects\GraphicsEngine\include\RigidBodies\sphere.h(100,34): warning C4244: '=': conversion from 'float' to 'int', possible loss of data
C:\Users\graem\Desktop\Graphics\projects\GraphicsEngine\include\RigidBodies\sphere.h(101,38): warning C4244: '=': conversion from 'float' to 'int', possible loss of data
C:\Users\graem\Desktop\Graphics\projects\GraphicsEngine\include\RigidBodies\sphere.h(102,44): warning C4244: '=': conversion from 'float' to 'int', possible loss of data
C:\Users\graem\Desktop\Graphics\projects\GraphicsEngine\include\RigidBodies\sphere.h(104,38): warning C4244: '=': conversion from 'float' to 'int', possible loss of data
C:\Users\graem\Desktop\Graphics\projects\GraphicsEngine\include\RigidBodies\sphere.h(105,44): warning C4244: '=': conversion from 'float' to 'int', possible loss of data
C:\Users\graem\Desktop\Graphics\projects\GraphicsEngine\include\RigidBodies\sphere.h(106,45): warning C4244: '=': conversion from 'float' to 'int', possible loss of data
C:\Users\graem\Desktop\Graphics\projects\GraphicsEngine\include\RigidBodies\PhysicsHandler.h(43,20): warning C4305: 'initializing': truncation from 'double' to 'float'
C:\Users\graem\Desktop\Graphics\projects\GraphicsEngine\include\RigidBodies\PhysicsHandler.h(36,33): warning C4305: 'argument': truncation from 'double' to 'float'
C:\Users\graem\Desktop\Graphics\projects\GraphicsEngine\include\RigidBodies\PhysicsHandler.h(52,17): warning C4305: 'initializing': truncation from 'double' to 'float'
C:\Users\graem\Desktop\Graphics\projects\GraphicsEngine\include\RigidBodies\PhysicsHandler.h(181,20): warning C4305: 'initializing': truncation from 'double' to 'float'
C:\Users\graem\Desktop\Graphics\projects\GraphicsEngine\include\RigidBodies\PhysicsHandler.h(198,30): warning C4305: 'initializing': truncation from 'double' to 'float'
C:\Users\graem\Desktop\Graphics\projects\GraphicsEngine\include\ecosystem\render_tile.h(169,17): warning C4244: 'initializing': conversion from 'double' to 'float', possible loss of data
C:\Users\graem\Desktop\Graphics\projects\GraphicsEngine\include\ecosystem\render_tile.h(170,17): warning C4244: 'initializing': conversion from 'double' to 'float', possible loss of data
C:\Users\graem\Desktop\Graphics\projects\GraphicsEngine\include\ecosystem\RenderTileTree.h(82,17): warning C4244: '=': conversion from 'float' to 'int', possible loss of data
C:\Users\graem\Desktop\Graphics\projects\GraphicsEngine\include\ecosystem\RenderTileTree.h(83,33): warning C4244: '=': conversion from 'T' to 'int', possible loss of data
          with
          [
              T=float
          ]
C:\Users\graem\Desktop\Graphics\projects\GraphicsEngine\include\ecosystem\RenderTileTree.h(120,9): warning C4101: 'winds': unreferenced local variable
C:\Users\graem\Desktop\Graphics\projects\GraphicsEngine\include\ecosystem\Terrain.h(107,9): warning C4101: 'winds': unreferenced local variable
C:\Users\graem\Desktop\Graphics\projects\GraphicsEngine\include\ecosystem\Terrain.h(147,14): warning C4244: '=': conversion from 'int' to 'float', possible loss of data
C:\Users\graem\Desktop\Graphics\projects\GraphicsEngine\include\ecosystem\Terrain.h(150,14): warning C4244: '=': conversion from 'int' to 'float', possible loss of data
C:\Users\graem\Desktop\Graphics\projects\GraphicsEngine\Main.cpp(140,27): warning C4244: '=': conversion from 'double' to 'float', possible loss of data
C:\Users\graem\Desktop\Graphics\projects\GraphicsEngine\Main.cpp(141,21): warning C4244: 'initializing': conversion from 'double' to 'float', possible loss of data
C:\Users\graem\Desktop\Graphics\projects\GraphicsEngine\Main.cpp(151,67): warning C4305: 'argument': truncation from 'double' to 'float'
C:\Users\graem\Desktop\Graphics\projects\GraphicsEngine\Main.cpp(221,26): warning C4244: 'initializing': conversion from 'double' to 'float', possible loss of data
  RigidBodies.vcxproj -> C:\Users\graem\Desktop\Graphics\projects\GraphicsEngine\x64\Debug\GraphicsEngine.exe
